

Started GET "/static_pages/home" for ::1 at 2015-04-14 13:10:49 -0500
Processing by StaticPagesController#home as HTML
  Rendered static_pages/home.html.erb within layouts/application (1.7ms)
Completed 200 OK in 1209ms (Views: 1199.0ms | ActiveRecord: 0.0ms)


Started GET "/assets/static_pages.css?body=1" for ::1 at 2015-04-14 13:10:50 -0500


Started GET "/assets/jquery.js?body=1" for ::1 at 2015-04-14 13:10:50 -0500


Started GET "/assets/turbolinks.js?body=1" for ::1 at 2015-04-14 13:10:50 -0500


Started GET "/assets/application.css?body=1" for ::1 at 2015-04-14 13:10:50 -0500


Started GET "/assets/jquery_ujs.js?body=1" for ::1 at 2015-04-14 13:10:50 -0500


Started GET "/assets/static_pages.js?body=1" for ::1 at 2015-04-14 13:10:50 -0500


Started GET "/assets/application.js?body=1" for ::1 at 2015-04-14 13:10:50 -0500


Started GET "/apple-touch-icon-precomposed.png" for ::1 at 2015-04-14 13:10:51 -0500

ActionController::RoutingError (No route matches [GET] "/apple-touch-icon-precomposed.png"):
  web-console (2.0.0) lib/action_dispatch/debug_exceptions.rb:22:in `middleware_call'
  web-console (2.0.0) lib/action_dispatch/debug_exceptions.rb:13:in `call'
  actionpack (4.2.0) lib/action_dispatch/middleware/show_exceptions.rb:30:in `call'
  railties (4.2.0) lib/rails/rack/logger.rb:38:in `call_app'
  railties (4.2.0) lib/rails/rack/logger.rb:20:in `block in call'
  activesupport (4.2.0) lib/active_support/tagged_logging.rb:68:in `block in tagged'
  activesupport (4.2.0) lib/active_support/tagged_logging.rb:26:in `tagged'
  activesupport (4.2.0) lib/active_support/tagged_logging.rb:68:in `tagged'
  railties (4.2.0) lib/rails/rack/logger.rb:20:in `call'
  actionpack (4.2.0) lib/action_dispatch/middleware/request_id.rb:21:in `call'
  rack (1.6.0) lib/rack/methodoverride.rb:22:in `call'
  rack (1.6.0) lib/rack/runtime.rb:18:in `call'
  activesupport (4.2.0) lib/active_support/cache/strategy/local_cache_middleware.rb:28:in `call'
  rack (1.6.0) lib/rack/lock.rb:17:in `call'
  actionpack (4.2.0) lib/action_dispatch/middleware/static.rb:113:in `call'
  rack (1.6.0) lib/rack/sendfile.rb:113:in `call'
  railties (4.2.0) lib/rails/engine.rb:518:in `call'
  railties (4.2.0) lib/rails/application.rb:164:in `call'
  rack (1.6.0) lib/rack/lock.rb:17:in `call'
  rack (1.6.0) lib/rack/content_length.rb:15:in `call'
  rack (1.6.0) lib/rack/handler/webrick.rb:89:in `service'
  /Users/AlexWolff/.rbenv/versions/2.1.3/lib/ruby/2.1.0/webrick/httpserver.rb:138:in `service'
  /Users/AlexWolff/.rbenv/versions/2.1.3/lib/ruby/2.1.0/webrick/httpserver.rb:94:in `run'
  /Users/AlexWolff/.rbenv/versions/2.1.3/lib/ruby/2.1.0/webrick/server.rb:295:in `block in start_thread'


  Rendered /Users/AlexWolff/.rbenv/versions/2.1.3/lib/ruby/gems/2.1.0/gems/web-console-2.0.0/lib/action_dispatch/templates/rescues/_trace.html.erb (1.8ms)
  Rendered /Users/AlexWolff/.rbenv/versions/2.1.3/lib/ruby/gems/2.1.0/gems/web-console-2.0.0/lib/action_dispatch/templates/routes/_route.html.erb (0.7ms)
  Rendered /Users/AlexWolff/.rbenv/versions/2.1.3/lib/ruby/gems/2.1.0/gems/web-console-2.0.0/lib/action_dispatch/templates/routes/_table.html.erb (9.0ms)
  Rendered /Users/AlexWolff/.rbenv/versions/2.1.3/lib/ruby/gems/2.1.0/gems/web-console-2.0.0/lib/action_dispatch/templates/rescues/_request_and_response.html.erb (1.6ms)
  Rendered /Users/AlexWolff/.rbenv/versions/2.1.3/lib/ruby/gems/2.1.0/gems/web-console-2.0.0/lib/action_dispatch/templates/rescues/_web_console.html.erb (1.3ms)
  Rendered /Users/AlexWolff/.rbenv/versions/2.1.3/lib/ruby/gems/2.1.0/gems/web-console-2.0.0/lib/action_dispatch/templates/rescues/routing_error.html.erb within rescues/layout (50.0ms)


Started GET "/apple-touch-icon.png" for ::1 at 2015-04-14 13:10:51 -0500

ActionController::RoutingError (No route matches [GET] "/apple-touch-icon.png"):
  web-console (2.0.0) lib/action_dispatch/debug_exceptions.rb:22:in `middleware_call'
  web-console (2.0.0) lib/action_dispatch/debug_exceptions.rb:13:in `call'
  actionpack (4.2.0) lib/action_dispatch/middleware/show_exceptions.rb:30:in `call'
  railties (4.2.0) lib/rails/rack/logger.rb:38:in `call_app'
  railties (4.2.0) lib/rails/rack/logger.rb:20:in `block in call'
  activesupport (4.2.0) lib/active_support/tagged_logging.rb:68:in `block in tagged'
  activesupport (4.2.0) lib/active_support/tagged_logging.rb:26:in `tagged'
  activesupport (4.2.0) lib/active_support/tagged_logging.rb:68:in `tagged'
  railties (4.2.0) lib/rails/rack/logger.rb:20:in `call'
  actionpack (4.2.0) lib/action_dispatch/middleware/request_id.rb:21:in `call'
  rack (1.6.0) lib/rack/methodoverride.rb:22:in `call'
  rack (1.6.0) lib/rack/runtime.rb:18:in `call'
  activesupport (4.2.0) lib/active_support/cache/strategy/local_cache_middleware.rb:28:in `call'
  rack (1.6.0) lib/rack/lock.rb:17:in `call'
  actionpack (4.2.0) lib/action_dispatch/middleware/static.rb:113:in `call'
  rack (1.6.0) lib/rack/sendfile.rb:113:in `call'
  railties (4.2.0) lib/rails/engine.rb:518:in `call'
  railties (4.2.0) lib/rails/application.rb:164:in `call'
  rack (1.6.0) lib/rack/lock.rb:17:in `call'
  rack (1.6.0) lib/rack/content_length.rb:15:in `call'
  rack (1.6.0) lib/rack/handler/webrick.rb:89:in `service'
  /Users/AlexWolff/.rbenv/versions/2.1.3/lib/ruby/2.1.0/webrick/httpserver.rb:138:in `service'
  /Users/AlexWolff/.rbenv/versions/2.1.3/lib/ruby/2.1.0/webrick/httpserver.rb:94:in `run'
  /Users/AlexWolff/.rbenv/versions/2.1.3/lib/ruby/2.1.0/webrick/server.rb:295:in `block in start_thread'


  Rendered /Users/AlexWolff/.rbenv/versions/2.1.3/lib/ruby/gems/2.1.0/gems/web-console-2.0.0/lib/action_dispatch/templates/rescues/_trace.html.erb (0.8ms)
  Rendered /Users/AlexWolff/.rbenv/versions/2.1.3/lib/ruby/gems/2.1.0/gems/web-console-2.0.0/lib/action_dispatch/templates/routes/_route.html.erb (0.7ms)
  Rendered /Users/AlexWolff/.rbenv/versions/2.1.3/lib/ruby/gems/2.1.0/gems/web-console-2.0.0/lib/action_dispatch/templates/routes/_table.html.erb (0.9ms)
  Rendered /Users/AlexWolff/.rbenv/versions/2.1.3/lib/ruby/gems/2.1.0/gems/web-console-2.0.0/lib/action_dispatch/templates/rescues/_request_and_response.html.erb (0.7ms)
  Rendered /Users/AlexWolff/.rbenv/versions/2.1.3/lib/ruby/gems/2.1.0/gems/web-console-2.0.0/lib/action_dispatch/templates/rescues/_web_console.html.erb (0.8ms)
  Rendered /Users/AlexWolff/.rbenv/versions/2.1.3/lib/ruby/gems/2.1.0/gems/web-console-2.0.0/lib/action_dispatch/templates/rescues/routing_error.html.erb within rescues/layout (20.9ms)


Started GET "/static_pages/about" for ::1 at 2015-04-14 13:38:45 -0500
Processing by StaticPagesController#about as HTML
  Rendered static_pages/about.html.erb within layouts/application (0.9ms)
Completed 200 OK in 68ms (Views: 60.5ms | ActiveRecord: 0.0ms)


Started GET "/assets/static_pages.css?body=1" for ::1 at 2015-04-14 13:38:45 -0500


Started GET "/assets/static_pages.js?body=1" for ::1 at 2015-04-14 13:38:45 -0500


Started GET "/assets/turbolinks.js?body=1" for ::1 at 2015-04-14 13:38:45 -0500


Started GET "/assets/jquery_ujs.js?body=1" for ::1 at 2015-04-14 13:38:45 -0500


Started GET "/assets/jquery.js?body=1" for ::1 at 2015-04-14 13:38:45 -0500


Started GET "/assets/application.js?body=1" for ::1 at 2015-04-14 13:38:45 -0500


Started GET "/assets/application.css?body=1" for ::1 at 2015-04-14 13:38:45 -0500


Started GET "/" for ::1 at 2015-04-14 13:38:52 -0500
Processing by Rails::WelcomeController#index as HTML
  Rendered /Users/AlexWolff/.rbenv/versions/2.1.3/lib/ruby/gems/2.1.0/gems/railties-4.2.0/lib/rails/templates/rails/welcome/index.html.erb (0.9ms)
Completed 200 OK in 6ms (Views: 5.4ms | ActiveRecord: 0.0ms)
